<?xml version="1.0" encoding="UTF-8"?>
<testng-results skipped="0" failed="0" total="1" passed="1">
  <reporter-output>
  </reporter-output>
  <suite name="Searchresult Tests" duration-ms="141" started-at="2015-12-30T21:02:20Z" finished-at="2015-12-30T21:02:20Z">
    <groups>
      <group name="properties">
        <method signature="AuthorLoginTest.getProperties()[pri:0, instance:tests.userManagement.AuthorLoginTest@2ed94a8b]" name="getProperties" class="tests.userManagement.AuthorLoginTest"/>
      </group> <!-- properties -->
    </groups>
    <test name="Verify Search Result Count" duration-ms="141" started-at="2015-12-30T21:02:20Z" finished-at="2015-12-30T21:02:20Z">
      <class name="tests.userManagement.AuthorLoginTest">
        <test-method status="PASS" signature="getProperties()[pri:0, instance:tests.userManagement.AuthorLoginTest@2ed94a8b]" name="getProperties" duration-ms="73" started-at="2015-12-30T22:02:20Z" finished-at="2015-12-30T22:02:20Z">
          <reporter-output>
          </reporter-output>
        </test-method> <!-- getProperties -->
      </class> <!-- tests.userManagement.AuthorLoginTest -->
    </test> <!-- Verify Search Result Count -->
  </suite> <!-- Searchresult Tests -->
</testng-results>
