<?xml version="1.0" encoding="UTF-8"?>
<testng-results skipped="0" failed="0" total="1" passed="1">
  <reporter-output>
  </reporter-output>
  <suite name="Searchresult Tests" duration-ms="68777" started-at="2015-12-28T22:41:34Z" finished-at="2015-12-28T22:42:43Z">
    <groups>
    </groups>
    <test name="Verify Search Result Count" duration-ms="68777" started-at="2015-12-28T22:41:34Z" finished-at="2015-12-28T22:42:43Z">
      <class name="tests.simple.HomePageAvailableTest">
        <test-method status="PASS" signature="setupClass()[pri:0, instance:tests.simple.HomePageAvailableTest@cded763]" name="setupClass" duration-ms="68668" started-at="2015-12-28T23:41:34Z" finished-at="2015-12-28T23:42:43Z">
          <reporter-output>
          </reporter-output>
        </test-method> <!-- setupClass -->
      </class> <!-- tests.simple.HomePageAvailableTest -->
    </test> <!-- Verify Search Result Count -->
  </suite> <!-- Searchresult Tests -->
</testng-results>
